{"/Users/meetsharma/Projects/BillNest/server/security.mjs": {"path":"/Users/meetsharma/Projects/BillNest/server/security.mjs","statementMap":{"0":{"start":{"line":5,"column":30},"end":{"line":5,"column":null}},"1":{"start":{"line":6,"column":27},"end":{"line":6,"column":null}},"2":{"start":{"line":9,"column":16},"end":{"line":9,"column":null}},"3":{"start":{"line":10,"column":2},"end":{"line":10,"column":null}},"4":{"start":{"line":14,"column":2},"end":{"line":14,"column":null}},"5":{"start":{"line":18,"column":2},"end":{"line":24,"column":null}},"6":{"start":{"line":28,"column":2},"end":{"line":34,"column":null}},"7":{"start":{"line":38,"column":2},"end":{"line":44,"column":null}},"8":{"start":{"line":48,"column":17},"end":{"line":48,"column":null}},"9":{"start":{"line":49,"column":17},"end":{"line":49,"column":null}},"10":{"start":{"line":51,"column":4},"end":{"line":53,"column":null}},"11":{"start":{"line":54,"column":2},"end":{"line":62,"column":null}},"12":{"start":{"line":55,"column":4},"end":{"line":62,"column":null}},"13":{"start":{"line":63,"column":2},"end":{"line":63,"column":null}},"14":{"start":{"line":67,"column":2},"end":{"line":68,"column":null}},"15":{"start":{"line":68,"column":4},"end":{"line":68,"column":null}},"16":{"start":{"line":69,"column":2},"end":{"line":69,"column":null}},"17":{"start":{"line":73,"column":2},"end":{"line":76,"column":null}},"18":{"start":{"line":80,"column":2},"end":{"line":114,"column":null}},"19":{"start":{"line":81,"column":4},"end":{"line":113,"column":null}},"20":{"start":{"line":82,"column":20},"end":{"line":82,"column":null}},"21":{"start":{"line":83,"column":6},"end":{"line":91,"column":null}},"22":{"start":{"line":84,"column":8},"end":{"line":91,"column":null}},"23":{"start":{"line":92,"column":21},"end":{"line":92,"column":null}},"24":{"start":{"line":93,"column":6},"end":{"line":101,"column":null}},"25":{"start":{"line":94,"column":8},"end":{"line":101,"column":null}},"26":{"start":{"line":102,"column":6},"end":{"line":102,"column":null}},"27":{"start":{"line":103,"column":6},"end":{"line":103,"column":null}},"28":{"start":{"line":105,"column":6},"end":{"line":112,"column":null}},"29":{"start":{"line":118,"column":17},"end":{"line":118,"column":null}},"30":{"start":{"line":119,"column":2},"end":{"line":120,"column":null}},"31":{"start":{"line":120,"column":4},"end":{"line":120,"column":null}},"32":{"start":{"line":121,"column":2},"end":{"line":121,"column":null}}},"fnMap":{"0":{"name":"normalizePhone","decl":{"start":{"line":8,"column":16},"end":{"line":8,"column":31}},"loc":{"start":{"line":8,"column":38},"end":{"line":11,"column":null}},"line":8},"1":{"name":"customerId","decl":{"start":{"line":13,"column":16},"end":{"line":13,"column":29}},"loc":{"start":{"line":13,"column":29},"end":{"line":15,"column":null}},"line":13},"2":{"name":"publicUser","decl":{"start":{"line":17,"column":16},"end":{"line":17,"column":27}},"loc":{"start":{"line":17,"column":33},"end":{"line":25,"column":null}},"line":17},"3":{"name":"sessionOptions","decl":{"start":{"line":27,"column":16},"end":{"line":27,"column":33}},"loc":{"start":{"line":27,"column":33},"end":{"line":35,"column":null}},"line":27},"4":{"name":"setCsrfCookie","decl":{"start":{"line":37,"column":16},"end":{"line":37,"column":30}},"loc":{"start":{"line":37,"column":40},"end":{"line":45,"column":null}},"line":37},"5":{"name":"requireCsrf","decl":{"start":{"line":47,"column":16},"end":{"line":47,"column":28}},"loc":{"start":{"line":47,"column":53},"end":{"line":64,"column":null}},"line":47},"6":{"name":"authSecret","decl":{"start":{"line":66,"column":9},"end":{"line":66,"column":22}},"loc":{"start":{"line":66,"column":22},"end":{"line":70,"column":null}},"line":66},"7":{"name":"signSession","decl":{"start":{"line":72,"column":16},"end":{"line":72,"column":28}},"loc":{"start":{"line":72,"column":34},"end":{"line":77,"column":null}},"line":72},"8":{"name":"requireAuth","decl":{"start":{"line":79,"column":16},"end":{"line":79,"column":28}},"loc":{"start":{"line":79,"column":40},"end":{"line":115,"column":null}},"line":79},"9":{"name":"(anonymous_9)","decl":{"start":{"line":80,"column":2},"end":{"line":80,"column":10}},"loc":{"start":{"line":80,"column":38},"end":{"line":114,"column":null}},"line":80},"10":{"name":"moneyPaise","decl":{"start":{"line":117,"column":16},"end":{"line":117,"column":27}},"loc":{"start":{"line":117,"column":34},"end":{"line":122,"column":null}},"line":117}},"branchMap":{"0":{"loc":{"start":{"line":9,"column":43},"end":{"line":9,"column":56}},"type":"binary-expr","locations":[{"start":{"line":9,"column":43},"end":{"line":9,"column":52}},{"start":{"line":9,"column":52},"end":{"line":9,"column":56}}],"line":9},"1":{"loc":{"start":{"line":10,"column":9},"end":{"line":10,"column":null}},"type":"cond-expr","locations":[{"start":{"line":10,"column":28},"end":{"line":10,"column":43}},{"start":{"line":10,"column":43},"end":{"line":10,"column":null}}],"line":10},"2":{"loc":{"start":{"line":48,"column":17},"end":{"line":48,"column":null}},"type":"binary-expr","locations":[{"start":{"line":48,"column":17},"end":{"line":48,"column":48}},{"start":{"line":48,"column":48},"end":{"line":48,"column":null}}],"line":48},"3":{"loc":{"start":{"line":49,"column":17},"end":{"line":49,"column":null}},"type":"binary-expr","locations":[{"start":{"line":49,"column":17},"end":{"line":49,"column":51}},{"start":{"line":49,"column":51},"end":{"line":49,"column":null}}],"line":49},"4":{"loc":{"start":{"line":51,"column":4},"end":{"line":53,"column":null}},"type":"binary-expr","locations":[{"start":{"line":51,"column":4},"end":{"line":51,"column":null}},{"start":{"line":52,"column":4},"end":{"line":52,"column":null}},{"start":{"line":53,"column":4},"end":{"line":53,"column":null}}],"line":51},"5":{"loc":{"start":{"line":54,"column":2},"end":{"line":62,"column":null}},"type":"if","locations":[{"start":{"line":54,"column":2},"end":{"line":62,"column":null}},{"start":{},"end":{}}],"line":54},"6":{"loc":{"start":{"line":67,"column":2},"end":{"line":68,"column":null}},"type":"if","locations":[{"start":{"line":67,"column":2},"end":{"line":68,"column":null}},{"start":{},"end":{}}],"line":67},"7":{"loc":{"start":{"line":67,"column":6},"end":{"line":67,"column":null}},"type":"binary-expr","locations":[{"start":{"line":67,"column":6},"end":{"line":67,"column":33}},{"start":{"line":67,"column":33},"end":{"line":67,"column":null}}],"line":67},"8":{"loc":{"start":{"line":79,"column":28},"end":{"line":79,"column":40}},"type":"default-arg","locations":[{"start":{"line":79,"column":36},"end":{"line":79,"column":40}}],"line":79},"9":{"loc":{"start":{"line":83,"column":6},"end":{"line":91,"column":null}},"type":"if","locations":[{"start":{"line":83,"column":6},"end":{"line":91,"column":null}},{"start":{},"end":{}}],"line":83},"10":{"loc":{"start":{"line":93,"column":6},"end":{"line":101,"column":null}},"type":"if","locations":[{"start":{"line":93,"column":6},"end":{"line":101,"column":null}},{"start":{},"end":{}}],"line":93},"11":{"loc":{"start":{"line":93,"column":10},"end":{"line":93,"column":null}},"type":"binary-expr","locations":[{"start":{"line":93,"column":10},"end":{"line":93,"column":26}},{"start":{"line":93,"column":26},"end":{"line":93,"column":null}}],"line":93},"12":{"loc":{"start":{"line":119,"column":2},"end":{"line":120,"column":null}},"type":"if","locations":[{"start":{"line":119,"column":2},"end":{"line":120,"column":null}},{"start":{},"end":{}}],"line":119},"13":{"loc":{"start":{"line":119,"column":6},"end":{"line":119,"column":null}},"type":"binary-expr","locations":[{"start":{"line":119,"column":6},"end":{"line":119,"column":34}},{"start":{"line":119,"column":34},"end":{"line":119,"column":null}}],"line":119}},"s":{"0":1,"1":1,"2":0,"3":0,"4":0,"5":0,"6":0,"7":0,"8":0,"9":0,"10":0,"11":0,"12":0,"13":0,"14":0,"15":0,"16":0,"17":0,"18":0,"19":0,"20":0,"21":0,"22":0,"23":0,"24":0,"25":0,"26":0,"27":0,"28":0,"29":3,"30":3,"31":0,"32":3},"f":{"0":0,"1":0,"2":0,"3":0,"4":0,"5":0,"6":0,"7":0,"8":0,"9":0,"10":3},"b":{"0":[0,0],"1":[0,0],"2":[0,0],"3":[0,0],"4":[0,0,0],"5":[0,0],"6":[0,0],"7":[0,0],"8":[0],"9":[0,0],"10":[0,0],"11":[0,0],"12":[0,3],"13":[3,3]},"meta":{"lastBranch":14,"lastFunction":11,"lastStatement":33,"seen":{"s:5:30:5:Infinity":0,"s:6:27:6:Infinity":1,"f:8:16:8:31":0,"s:9:16:9:Infinity":2,"b:9:43:9:52:9:52:9:56":0,"s:10:2:10:Infinity":3,"b:10:28:10:43:10:43:10:Infinity":1,"f:13:16:13:29":1,"s:14:2:14:Infinity":4,"f:17:16:17:27":2,"s:18:2:24:Infinity":5,"f:27:16:27:33":3,"s:28:2:34:Infinity":6,"f:37:16:37:30":4,"s:38:2:44:Infinity":7,"f:47:16:47:28":5,"s:48:17:48:Infinity":8,"b:48:17:48:48:48:48:48:Infinity":2,"s:49:17:49:Infinity":9,"b:49:17:49:51:49:51:49:Infinity":3,"s:51:4:53:Infinity":10,"b:51:4:51:Infinity:52:4:52:Infinity:53:4:53:Infinity":4,"b:54:2:62:Infinity:undefined:undefined:undefined:undefined":5,"s:54:2:62:Infinity":11,"s:55:4:62:Infinity":12,"s:63:2:63:Infinity":13,"f:66:9:66:22":6,"b:67:2:68:Infinity:undefined:undefined:undefined:undefined":6,"s:67:2:68:Infinity":14,"b:67:6:67:33:67:33:67:Infinity":7,"s:68:4:68:Infinity":15,"s:69:2:69:Infinity":16,"f:72:16:72:28":7,"s:73:2:76:Infinity":17,"f:79:16:79:28":8,"b:79:36:79:40":8,"s:80:2:114:Infinity":18,"f:80:2:80:10":9,"s:81:4:113:Infinity":19,"s:82:20:82:Infinity":20,"b:83:6:91:Infinity:undefined:undefined:undefined:undefined":9,"s:83:6:91:Infinity":21,"s:84:8:91:Infinity":22,"s:92:21:92:Infinity":23,"b:93:6:101:Infinity:undefined:undefined:undefined:undefined":10,"s:93:6:101:Infinity":24,"b:93:10:93:26:93:26:93:Infinity":11,"s:94:8:101:Infinity":25,"s:102:6:102:Infinity":26,"s:103:6:103:Infinity":27,"s:105:6:112:Infinity":28,"f:117:16:117:27":10,"s:118:17:118:Infinity":29,"b:119:2:120:Infinity:undefined:undefined:undefined:undefined":12,"s:119:2:120:Infinity":30,"b:119:6:119:34:119:34:119:Infinity":13,"s:120:4:120:Infinity":31,"s:121:2:121:Infinity":32},"fnNames":{}}}
,"/Users/meetsharma/Projects/BillNest/server/services.mjs": {"path":"/Users/meetsharma/Projects/BillNest/server/services.mjs","statementMap":{"0":{"start":{"line":5,"column":26},"end":{"line":5,"column":53}},"1":{"start":{"line":6,"column":2},"end":{"line":10,"column":null}},"2":{"start":{"line":7,"column":18},"end":{"line":7,"column":77}},"3":{"start":{"line":8,"column":4},"end":{"line":8,"column":null}},"4":{"start":{"line":9,"column":4},"end":{"line":9,"column":null}},"5":{"start":{"line":11,"column":20},"end":{"line":11,"column":46}},"6":{"start":{"line":12,"column":19},"end":{"line":12,"column":63}},"7":{"start":{"line":13,"column":2},"end":{"line":13,"column":null}},"8":{"start":{"line":13,"column":16},"end":{"line":13,"column":null}},"9":{"start":{"line":14,"column":20},"end":{"line":23,"column":3}},"10":{"start":{"line":24,"column":2},"end":{"line":33,"column":null}},"11":{"start":{"line":25,"column":19},"end":{"line":25,"column":55}},"12":{"start":{"line":26,"column":4},"end":{"line":26,"column":null}},"13":{"start":{"line":28,"column":4},"end":{"line":31,"column":null}},"14":{"start":{"line":29,"column":21},"end":{"line":29,"column":65}},"15":{"start":{"line":30,"column":6},"end":{"line":30,"column":null}},"16":{"start":{"line":30,"column":18},"end":{"line":30,"column":null}},"17":{"start":{"line":32,"column":4},"end":{"line":32,"column":null}},"18":{"start":{"line":37,"column":2},"end":{"line":41,"column":null}},"19":{"start":{"line":38,"column":18},"end":{"line":38,"column":61}},"20":{"start":{"line":39,"column":4},"end":{"line":39,"column":null}},"21":{"start":{"line":40,"column":4},"end":{"line":40,"column":null}},"22":{"start":{"line":42,"column":22},"end":{"line":42,"column":23}},"23":{"start":{"line":43,"column":22},"end":{"line":43,"column":23}},"24":{"start":{"line":44,"column":17},"end":{"line":44,"column":18}},"25":{"start":{"line":45,"column":16},"end":{"line":86,"column":4}},"26":{"start":{"line":46,"column":21},"end":{"line":46,"column":41}},"27":{"start":{"line":47,"column":23},"end":{"line":47,"column":48}},"28":{"start":{"line":48,"column":21},"end":{"line":48,"column":46}},"29":{"start":{"line":49,"column":16},"end":{"line":49,"column":36}},"30":{"start":{"line":50,"column":4},"end":{"line":65,"column":null}},"31":{"start":{"line":60,"column":20},"end":{"line":62,"column":7}},"32":{"start":{"line":63,"column":6},"end":{"line":63,"column":null}},"33":{"start":{"line":64,"column":6},"end":{"line":64,"column":null}},"34":{"start":{"line":66,"column":25},"end":{"line":66,"column":58}},"35":{"start":{"line":67,"column":25},"end":{"line":67,"column":68}},"36":{"start":{"line":68,"column":20},"end":{"line":68,"column":47}},"37":{"start":{"line":69,"column":20},"end":{"line":69,"column":53}},"38":{"start":{"line":70,"column":4},"end":{"line":70,"column":null}},"39":{"start":{"line":71,"column":4},"end":{"line":71,"column":null}},"40":{"start":{"line":72,"column":4},"end":{"line":72,"column":null}},"41":{"start":{"line":73,"column":4},"end":{"line":85,"column":null}},"42":{"start":{"line":87,"column":2},"end":{"line":93,"column":null}},"43":{"start":{"line":97,"column":17},"end":{"line":103,"column":5}},"44":{"start":{"line":104,"column":19},"end":{"line":104,"column":60}},"45":{"start":{"line":105,"column":2},"end":{"line":105,"column":null}},"46":{"start":{"line":109,"column":2},"end":{"line":109,"column":null}}},"fnMap":{"0":{"name":"ensureCustomer","decl":{"start":{"line":4,"column":22},"end":{"line":4,"column":36}},"loc":{"start":{"line":4,"column":48},"end":{"line":34,"column":null}},"line":4},"1":{"name":"calculateInvoice","decl":{"start":{"line":36,"column":16},"end":{"line":36,"column":32}},"loc":{"start":{"line":36,"column":40},"end":{"line":94,"column":null}},"line":36},"2":{"name":"(anonymous_2)","decl":{"start":{"line":45,"column":26},"end":{"line":45,"column":27}},"loc":{"start":{"line":45,"column":35},"end":{"line":86,"column":3}},"line":45},"3":{"name":"nextInvoiceNumber","decl":{"start":{"line":96,"column":22},"end":{"line":96,"column":39}},"loc":{"start":{"line":96,"column":50},"end":{"line":106,"column":null}},"line":96},"4":{"name":"id","decl":{"start":{"line":108,"column":16},"end":{"line":108,"column":18}},"loc":{"start":{"line":108,"column":26},"end":{"line":110,"column":null}},"line":108}},"branchMap":{"0":{"loc":{"start":{"line":6,"column":2},"end":{"line":10,"column":null}},"type":"if","locations":[{"start":{"line":6,"column":2},"end":{"line":10,"column":null}},{"start":{},"end":{}}],"line":6},"1":{"loc":{"start":{"line":6,"column":6},"end":{"line":6,"column":45}},"type":"binary-expr","locations":[{"start":{"line":6,"column":6},"end":{"line":6,"column":22}},{"start":{"line":6,"column":26},"end":{"line":6,"column":45}}],"line":6},"2":{"loc":{"start":{"line":13,"column":2},"end":{"line":13,"column":null}},"type":"if","locations":[{"start":{"line":13,"column":2},"end":{"line":13,"column":null}},{"start":{},"end":{}}],"line":13},"3":{"loc":{"start":{"line":19,"column":11},"end":{"line":19,"column":52}},"type":"binary-expr","locations":[{"start":{"line":19,"column":11},"end":{"line":19,"column":44}},{"start":{"line":19,"column":48},"end":{"line":19,"column":52}}],"line":19},"4":{"loc":{"start":{"line":20,"column":13},"end":{"line":20,"column":42}},"type":"binary-expr","locations":[{"start":{"line":20,"column":13},"end":{"line":20,"column":34}},{"start":{"line":20,"column":38},"end":{"line":20,"column":42}}],"line":20},"5":{"loc":{"start":{"line":28,"column":4},"end":{"line":31,"column":null}},"type":"if","locations":[{"start":{"line":28,"column":4},"end":{"line":31,"column":null}},{"start":{},"end":{}}],"line":28},"6":{"loc":{"start":{"line":30,"column":6},"end":{"line":30,"column":null}},"type":"if","locations":[{"start":{"line":30,"column":6},"end":{"line":30,"column":null}},{"start":{},"end":{}}],"line":30},"7":{"loc":{"start":{"line":37,"column":2},"end":{"line":41,"column":null}},"type":"if","locations":[{"start":{"line":37,"column":2},"end":{"line":41,"column":null}},{"start":{},"end":{}}],"line":37},"8":{"loc":{"start":{"line":37,"column":6},"end":{"line":37,"column":44}},"type":"binary-expr","locations":[{"start":{"line":37,"column":6},"end":{"line":37,"column":27}},{"start":{"line":37,"column":31},"end":{"line":37,"column":44}}],"line":37},"9":{"loc":{"start":{"line":48,"column":28},"end":{"line":48,"column":45}},"type":"binary-expr","locations":[{"start":{"line":48,"column":28},"end":{"line":48,"column":40}},{"start":{"line":48,"column":44},"end":{"line":48,"column":45}}],"line":48},"10":{"loc":{"start":{"line":49,"column":23},"end":{"line":49,"column":35}},"type":"binary-expr","locations":[{"start":{"line":49,"column":23},"end":{"line":49,"column":30}},{"start":{"line":49,"column":34},"end":{"line":49,"column":35}}],"line":49},"11":{"loc":{"start":{"line":50,"column":4},"end":{"line":65,"column":null}},"type":"if","locations":[{"start":{"line":50,"column":4},"end":{"line":65,"column":null}},{"start":{},"end":{}}],"line":50},"12":{"loc":{"start":{"line":51,"column":6},"end":{"line":58,"column":null}},"type":"binary-expr","locations":[{"start":{"line":51,"column":6},"end":{"line":51,"column":26}},{"start":{"line":52,"column":6},"end":{"line":52,"column":32}},{"start":{"line":53,"column":6},"end":{"line":53,"column":33}},{"start":{"line":54,"column":6},"end":{"line":54,"column":19}},{"start":{"line":55,"column":6},"end":{"line":55,"column":18}},{"start":{"line":56,"column":6},"end":{"line":56,"column":20}},{"start":{"line":57,"column":6},"end":{"line":57,"column":13}},{"start":{"line":58,"column":6},"end":{"line":58,"column":null}}],"line":51},"13":{"loc":{"start":{"line":75,"column":13},"end":{"line":75,"column":38}},"type":"binary-expr","locations":[{"start":{"line":75,"column":13},"end":{"line":75,"column":30}},{"start":{"line":75,"column":34},"end":{"line":75,"column":38}}],"line":75},"14":{"loc":{"start":{"line":76,"column":13},"end":{"line":76,"column":38}},"type":"binary-expr","locations":[{"start":{"line":76,"column":13},"end":{"line":76,"column":30}},{"start":{"line":76,"column":34},"end":{"line":76,"column":38}}],"line":76},"15":{"loc":{"start":{"line":77,"column":14},"end":{"line":77,"column":40}},"type":"binary-expr","locations":[{"start":{"line":77,"column":14},"end":{"line":77,"column":32}},{"start":{"line":77,"column":36},"end":{"line":77,"column":40}}],"line":77},"16":{"loc":{"start":{"line":82,"column":29},"end":{"line":82,"column":52}},"type":"binary-expr","locations":[{"start":{"line":82,"column":29},"end":{"line":82,"column":47}},{"start":{"line":82,"column":51},"end":{"line":82,"column":52}}],"line":82},"17":{"loc":{"start":{"line":83,"column":19},"end":{"line":83,"column":42}},"type":"binary-expr","locations":[{"start":{"line":83,"column":19},"end":{"line":83,"column":34}},{"start":{"line":83,"column":38},"end":{"line":83,"column":42}}],"line":83},"18":{"loc":{"start":{"line":104,"column":19},"end":{"line":104,"column":60}},"type":"binary-expr","locations":[{"start":{"line":104,"column":19},"end":{"line":104,"column":34}},{"start":{"line":104,"column":38},"end":{"line":104,"column":60}}],"line":104},"19":{"loc":{"start":{"line":105,"column":12},"end":{"line":105,"column":39}},"type":"binary-expr","locations":[{"start":{"line":105,"column":12},"end":{"line":105,"column":30}},{"start":{"line":105,"column":34},"end":{"line":105,"column":39}}],"line":105}},"s":{"0":0,"1":0,"2":0,"3":0,"4":0,"5":0,"6":0,"7":0,"8":0,"9":0,"10":0,"11":0,"12":0,"13":0,"14":0,"15":0,"16":0,"17":0,"18":4,"19":1,"20":1,"21":1,"22":3,"23":3,"24":3,"25":3,"26":3,"27":3,"28":3,"29":3,"30":3,"31":2,"32":2,"33":2,"34":1,"35":1,"36":1,"37":1,"38":1,"39":1,"40":1,"41":1,"42":3,"43":1,"44":1,"45":1,"46":0},"f":{"0":0,"1":4,"2":3,"3":1,"4":0},"b":{"0":[0,0],"1":[0,0],"2":[0,0],"3":[0,0],"4":[0,0],"5":[0,0],"6":[0,0],"7":[1,3],"8":[4,4],"9":[3,2],"10":[3,2],"11":[2,1],"12":[3,2,2,1,1,1,1,1],"13":[1,1],"14":[3,1],"15":[3,1],"16":[3,1],"17":[3,1],"18":[1,0],"19":[1,0]},"meta":{"lastBranch":20,"lastFunction":5,"lastStatement":47,"seen":{"f:4:22:4:36":0,"s:5:26:5:53":0,"b:6:2:10:Infinity:undefined:undefined:undefined:undefined":0,"s:6:2:10:Infinity":1,"b:6:6:6:22:6:26:6:45":1,"s:7:18:7:77":2,"s:8:4:8:Infinity":3,"s:9:4:9:Infinity":4,"s:11:20:11:46":5,"s:12:19:12:63":6,"b:13:2:13:Infinity:undefined:undefined:undefined:undefined":2,"s:13:2:13:Infinity":7,"s:13:16:13:Infinity":8,"s:14:20:23:3":9,"b:19:11:19:44:19:48:19:52":3,"b:20:13:20:34:20:38:20:42":4,"s:24:2:33:Infinity":10,"s:25:19:25:55":11,"s:26:4:26:Infinity":12,"b:28:4:31:Infinity:undefined:undefined:undefined:undefined":5,"s:28:4:31:Infinity":13,"s:29:21:29:65":14,"b:30:6:30:Infinity:undefined:undefined:undefined:undefined":6,"s:30:6:30:Infinity":15,"s:30:18:30:Infinity":16,"s:32:4:32:Infinity":17,"f:36:16:36:32":1,"b:37:2:41:Infinity:undefined:undefined:undefined:undefined":7,"s:37:2:41:Infinity":18,"b:37:6:37:27:37:31:37:44":8,"s:38:18:38:61":19,"s:39:4:39:Infinity":20,"s:40:4:40:Infinity":21,"s:42:22:42:23":22,"s:43:22:43:23":23,"s:44:17:44:18":24,"s:45:16:86:4":25,"f:45:26:45:27":2,"s:46:21:46:41":26,"s:47:23:47:48":27,"s:48:21:48:46":28,"b:48:28:48:40:48:44:48:45":9,"s:49:16:49:36":29,"b:49:23:49:30:49:34:49:35":10,"b:50:4:65:Infinity:undefined:undefined:undefined:undefined":11,"s:50:4:65:Infinity":30,"b:51:6:51:26:52:6:52:32:53:6:53:33:54:6:54:19:55:6:55:18:56:6:56:20:57:6:57:13:58:6:58:Infinity":12,"s:60:20:62:7":31,"s:63:6:63:Infinity":32,"s:64:6:64:Infinity":33,"s:66:25:66:58":34,"s:67:25:67:68":35,"s:68:20:68:47":36,"s:69:20:69:53":37,"s:70:4:70:Infinity":38,"s:71:4:71:Infinity":39,"s:72:4:72:Infinity":40,"s:73:4:85:Infinity":41,"b:75:13:75:30:75:34:75:38":13,"b:76:13:76:30:76:34:76:38":14,"b:77:14:77:32:77:36:77:40":15,"b:82:29:82:47:82:51:82:52":16,"b:83:19:83:34:83:38:83:42":17,"s:87:2:93:Infinity":42,"f:96:22:96:39":3,"s:97:17:103:5":43,"s:104:19:104:60":44,"b:104:19:104:34:104:38:104:60":18,"s:105:2:105:Infinity":45,"b:105:12:105:30:105:34:105:39":19,"f:108:16:108:18":4,"s:109:2:109:Infinity":46},"fnNames":{}}}
,"/Users/meetsharma/Projects/BillNest/src/lib/customer-identity.ts": {"path":"/Users/meetsharma/Projects/BillNest/src/lib/customer-identity.ts","statementMap":{"0":{"start":{"line":21,"column":26},"end":{"line":21,"column":null}},"1":{"start":{"line":22,"column":2},"end":{"line":22,"column":null}},"2":{"start":{"line":22,"column":24},"end":{"line":22,"column":null}},"3":{"start":{"line":23,"column":18},"end":{"line":23,"column":null}},"4":{"start":{"line":24,"column":2},"end":{"line":24,"column":null}},"5":{"start":{"line":24,"column":15},"end":{"line":24,"column":null}},"6":{"start":{"line":25,"column":30},"end":{"line":33,"column":null}},"7":{"start":{"line":34,"column":2},"end":{"line":41,"column":null}},"8":{"start":{"line":35,"column":4},"end":{"line":35,"column":null}},"9":{"start":{"line":38,"column":34},"end":{"line":38,"column":null}},"10":{"start":{"line":39,"column":4},"end":{"line":39,"column":null}},"11":{"start":{"line":39,"column":31},"end":{"line":39,"column":null}},"12":{"start":{"line":40,"column":4},"end":{"line":40,"column":null}},"13":{"start":{"line":45,"column":16},"end":{"line":45,"column":null}},"14":{"start":{"line":46,"column":2},"end":{"line":46,"column":null}},"15":{"start":{"line":46,"column":39},"end":{"line":46,"column":73}}},"fnMap":{"0":{"name":"ensureCustomer","decl":{"start":{"line":16,"column":22},"end":{"line":16,"column":null}},"loc":{"start":{"line":20,"column":21},"end":{"line":42,"column":null}},"line":20},"1":{"name":"generateCustomerId","decl":{"start":{"line":44,"column":16},"end":{"line":44,"column":45}},"loc":{"start":{"line":44,"column":45},"end":{"line":47,"column":null}},"line":44},"2":{"name":"(anonymous_2)","decl":{"start":{"line":46,"column":27},"end":{"line":46,"column":31}},"loc":{"start":{"line":46,"column":39},"end":{"line":46,"column":73}},"line":46}},"branchMap":{"0":{"loc":{"start":{"line":19,"column":2},"end":{"line":19,"column":null}},"type":"default-arg","locations":[{"start":{"line":19,"column":25},"end":{"line":19,"column":null}}],"line":19},"1":{"loc":{"start":{"line":22,"column":2},"end":{"line":22,"column":null}},"type":"if","locations":[{"start":{"line":22,"column":2},"end":{"line":22,"column":null}},{"start":{},"end":{}}],"line":22},"2":{"loc":{"start":{"line":24,"column":2},"end":{"line":24,"column":null}},"type":"if","locations":[{"start":{"line":24,"column":2},"end":{"line":24,"column":null}},{"start":{},"end":{}}],"line":24},"3":{"loc":{"start":{"line":31,"column":11},"end":{"line":31,"column":null}},"type":"binary-expr","locations":[{"start":{"line":31,"column":11},"end":{"line":31,"column":34}},{"start":{"line":31,"column":34},"end":{"line":31,"column":null}}],"line":31},"4":{"loc":{"start":{"line":32,"column":13},"end":{"line":32,"column":null}},"type":"binary-expr","locations":[{"start":{"line":32,"column":13},"end":{"line":32,"column":38}},{"start":{"line":32,"column":38},"end":{"line":32,"column":null}}],"line":32},"5":{"loc":{"start":{"line":39,"column":4},"end":{"line":39,"column":null}},"type":"if","locations":[{"start":{"line":39,"column":4},"end":{"line":39,"column":null}},{"start":{},"end":{}}],"line":39}},"s":{"0":4,"1":4,"2":0,"3":4,"4":4,"5":2,"6":2,"7":4,"8":4,"9":0,"10":0,"11":0,"12":0,"13":0,"14":0,"15":0},"f":{"0":4,"1":0,"2":0},"b":{"0":[4],"1":[0,4],"2":[2,2],"3":[2,2],"4":[4,2],"5":[0,0]},"meta":{"lastBranch":6,"lastFunction":3,"lastStatement":16,"seen":{"f:16:22:16:Infinity":0,"b:19:25:19:Infinity":0,"s:21:26:21:Infinity":0,"b:22:2:22:Infinity:undefined:undefined:undefined:undefined":1,"s:22:2:22:Infinity":1,"s:22:24:22:Infinity":2,"s:23:18:23:Infinity":3,"b:24:2:24:Infinity:undefined:undefined:undefined:undefined":2,"s:24:2:24:Infinity":4,"s:24:15:24:Infinity":5,"s:25:30:33:Infinity":6,"b:31:11:31:34:31:34:31:Infinity":3,"b:32:13:32:38:32:38:32:Infinity":4,"s:34:2:41:Infinity":7,"s:35:4:35:Infinity":8,"s:38:34:38:Infinity":9,"b:39:4:39:Infinity:undefined:undefined:undefined:undefined":5,"s:39:4:39:Infinity":10,"s:39:31:39:Infinity":11,"s:40:4:40:Infinity":12,"f:44:16:44:45":1,"s:45:16:45:Infinity":13,"s:46:2:46:Infinity":14,"f:46:27:46:31":2,"s:46:39:46:73":15},"fnNames":{}}}
,"/Users/meetsharma/Projects/BillNest/src/lib/format.ts": {"path":"/Users/meetsharma/Projects/BillNest/src/lib/format.ts","statementMap":{"0":{"start":{"line":1,"column":13},"end":{"line":2,"column":null}},"1":{"start":{"line":2,"column":2},"end":{"line":2,"column":null}},"2":{"start":{"line":4,"column":13},"end":{"line":5,"column":null}},"3":{"start":{"line":5,"column":2},"end":{"line":5,"column":null}},"4":{"start":{"line":10,"column":13},"end":{"line":13,"column":null}},"5":{"start":{"line":11,"column":17},"end":{"line":11,"column":null}},"6":{"start":{"line":12,"column":2},"end":{"line":12,"column":null}},"7":{"start":{"line":15,"column":13},"end":{"line":21,"column":null}},"8":{"start":{"line":16,"column":2},"end":{"line":16,"column":null}},"9":{"start":{"line":16,"column":15},"end":{"line":16,"column":null}},"10":{"start":{"line":17,"column":15},"end":{"line":17,"column":null}},"11":{"start":{"line":18,"column":2},"end":{"line":18,"column":null}},"12":{"start":{"line":18,"column":16},"end":{"line":18,"column":null}},"13":{"start":{"line":19,"column":2},"end":{"line":19,"column":null}},"14":{"start":{"line":19,"column":18},"end":{"line":19,"column":null}},"15":{"start":{"line":20,"column":2},"end":{"line":20,"column":null}},"16":{"start":{"line":23,"column":13},"end":{"line":23,"column":null}},"17":{"start":{"line":23,"column":47},"end":{"line":23,"column":null}},"18":{"start":{"line":25,"column":13},"end":{"line":30,"column":null}},"19":{"start":{"line":26,"column":16},"end":{"line":26,"column":null}},"20":{"start":{"line":27,"column":2},"end":{"line":27,"column":null}},"21":{"start":{"line":28,"column":2},"end":{"line":28,"column":null}},"22":{"start":{"line":29,"column":2},"end":{"line":29,"column":null}},"23":{"start":{"line":32,"column":13},"end":{"line":41,"column":null}},"24":{"start":{"line":33,"column":19},"end":{"line":33,"column":null}},"25":{"start":{"line":33,"column":47},"end":{"line":33,"column":85}},"26":{"start":{"line":34,"column":19},"end":{"line":34,"column":null}},"27":{"start":{"line":34,"column":47},"end":{"line":34,"column":109}},"28":{"start":{"line":35,"column":18},"end":{"line":35,"column":null}},"29":{"start":{"line":36,"column":14},"end":{"line":39,"column":null}},"30":{"start":{"line":37,"column":17},"end":{"line":37,"column":null}},"31":{"start":{"line":38,"column":4},"end":{"line":38,"column":null}},"32":{"start":{"line":40,"column":2},"end":{"line":40,"column":null}}},"fnMap":{"0":{"name":"(anonymous_0)","decl":{"start":{"line":1,"column":13},"end":{"line":1,"column":31}},"loc":{"start":{"line":2,"column":2},"end":{"line":2,"column":null}},"line":2},"1":{"name":"(anonymous_1)","decl":{"start":{"line":4,"column":13},"end":{"line":4,"column":27}},"loc":{"start":{"line":5,"column":2},"end":{"line":5,"column":null}},"line":5},"2":{"name":"(anonymous_2)","decl":{"start":{"line":10,"column":13},"end":{"line":10,"column":31}},"loc":{"start":{"line":10,"column":49},"end":{"line":13,"column":null}},"line":10},"3":{"name":"(anonymous_3)","decl":{"start":{"line":15,"column":13},"end":{"line":15,"column":29}},"loc":{"start":{"line":15,"column":62},"end":{"line":21,"column":null}},"line":15},"4":{"name":"(anonymous_4)","decl":{"start":{"line":23,"column":13},"end":{"line":23,"column":30}},"loc":{"start":{"line":23,"column":47},"end":{"line":23,"column":null}},"line":23},"5":{"name":"(anonymous_5)","decl":{"start":{"line":25,"column":13},"end":{"line":25,"column":26}},"loc":{"start":{"line":25,"column":59},"end":{"line":30,"column":null}},"line":25},"6":{"name":"(anonymous_6)","decl":{"start":{"line":32,"column":13},"end":{"line":32,"column":30}},"loc":{"start":{"line":32,"column":114},"end":{"line":41,"column":null}},"line":32},"7":{"name":"(anonymous_7)","decl":{"start":{"line":33,"column":25},"end":{"line":33,"column":33}},"loc":{"start":{"line":33,"column":47},"end":{"line":33,"column":85}},"line":33},"8":{"name":"(anonymous_8)","decl":{"start":{"line":34,"column":25},"end":{"line":34,"column":33}},"loc":{"start":{"line":34,"column":47},"end":{"line":34,"column":109}},"line":34},"9":{"name":"(anonymous_9)","decl":{"start":{"line":36,"column":20},"end":{"line":36,"column":28}},"loc":{"start":{"line":36,"column":42},"end":{"line":39,"column":5}},"line":36}},"branchMap":{"0":{"loc":{"start":{"line":12,"column":9},"end":{"line":12,"column":null}},"type":"cond-expr","locations":[{"start":{"line":12,"column":29},"end":{"line":12,"column":45}},{"start":{"line":12,"column":45},"end":{"line":12,"column":null}}],"line":12},"1":{"loc":{"start":{"line":16,"column":2},"end":{"line":16,"column":null}},"type":"if","locations":[{"start":{"line":16,"column":2},"end":{"line":16,"column":null}},{"start":{},"end":{}}],"line":16},"2":{"loc":{"start":{"line":18,"column":2},"end":{"line":18,"column":null}},"type":"if","locations":[{"start":{"line":18,"column":2},"end":{"line":18,"column":null}},{"start":{},"end":{}}],"line":18},"3":{"loc":{"start":{"line":19,"column":2},"end":{"line":19,"column":null}},"type":"if","locations":[{"start":{"line":19,"column":2},"end":{"line":19,"column":null}},{"start":{},"end":{}}],"line":19}},"s":{"0":2,"1":0,"2":2,"3":0,"4":2,"5":4,"6":4,"7":2,"8":0,"9":0,"10":0,"11":0,"12":0,"13":0,"14":0,"15":0,"16":2,"17":0,"18":2,"19":1,"20":1,"21":1,"22":1,"23":2,"24":1,"25":1,"26":1,"27":1,"28":1,"29":1,"30":1,"31":1,"32":1},"f":{"0":0,"1":0,"2":4,"3":0,"4":0,"5":1,"6":1,"7":1,"8":1,"9":1},"b":{"0":[4,0],"1":[0,0],"2":[0,0],"3":[0,0]},"meta":{"lastBranch":4,"lastFunction":10,"lastStatement":33,"seen":{"s:1:13:2:Infinity":0,"f:1:13:1:31":0,"s:2:2:2:Infinity":1,"s:4:13:5:Infinity":2,"f:4:13:4:27":1,"s:5:2:5:Infinity":3,"s:10:13:13:Infinity":4,"f:10:13:10:31":2,"s:11:17:11:Infinity":5,"s:12:2:12:Infinity":6,"b:12:29:12:45:12:45:12:Infinity":0,"s:15:13:21:Infinity":7,"f:15:13:15:29":3,"b:16:2:16:Infinity:undefined:undefined:undefined:undefined":1,"s:16:2:16:Infinity":8,"s:16:15:16:Infinity":9,"s:17:15:17:Infinity":10,"b:18:2:18:Infinity:undefined:undefined:undefined:undefined":2,"s:18:2:18:Infinity":11,"s:18:16:18:Infinity":12,"b:19:2:19:Infinity:undefined:undefined:undefined:undefined":3,"s:19:2:19:Infinity":13,"s:19:18:19:Infinity":14,"s:20:2:20:Infinity":15,"s:23:13:23:Infinity":16,"f:23:13:23:30":4,"s:23:47:23:Infinity":17,"s:25:13:30:Infinity":18,"f:25:13:25:26":5,"s:26:16:26:Infinity":19,"s:27:2:27:Infinity":20,"s:28:2:28:Infinity":21,"s:29:2:29:Infinity":22,"s:32:13:41:Infinity":23,"f:32:13:32:30":6,"s:33:19:33:Infinity":24,"f:33:25:33:33":7,"s:33:47:33:85":25,"s:34:19:34:Infinity":26,"f:34:25:34:33":8,"s:34:47:34:109":27,"s:35:18:35:Infinity":28,"s:36:14:39:Infinity":29,"f:36:20:36:28":9,"s:37:17:37:Infinity":30,"s:38:4:38:Infinity":31,"s:40:2:40:Infinity":32},"fnNames":{}}}
}
